-------------------------------------------------------------------------------
Test set: com.caching.service.GeoCodingImpTest
-------------------------------------------------------------------------------
Tests run: 1, Failures: 0, Errors: 1, Skipped: 0, Time elapsed: 1.748 s <<< FAILURE! - in com.caching.service.GeoCodingImpTest
com.caching.service.GeoCodingImpTest  Time elapsed: 1.747 s  <<< ERROR!
org.junit.jupiter.api.extension.ParameterResolutionException: Failed to resolve parameter [java.lang.String geoCodingUrl] in method [public static void com.caching.service.GeoCodingImpTest.setup(java.lang.String,java.lang.String)]: Failed to load ApplicationContext
Caused by: java.lang.IllegalStateException: Failed to load ApplicationContext
Caused by: org.springframework.beans.factory.UnsatisfiedDependencyException: Error creating bean with name 'geoCodingController' defined in file [/home/varunvilva/Workspace/Kickdrum/kdu-coursework/backend/assignments/2/target/classes/com/caching/controller/GeoCodingController.class]: Unsatisfied dependency expressed through constructor parameter 0; nested exception is org.springframework.beans.factory.UnsatisfiedDependencyException: Error creating bean with name 'geoCodingService' defined in file [/home/varunvilva/Workspace/Kickdrum/kdu-coursework/backend/assignments/2/target/classes/com/caching/service/GeoCodingService.class]: Unsatisfied dependency expressed through constructor parameter 0; nested exception is org.springframework.beans.factory.BeanCreationException: Error creating bean with name 'geoCodingRepository': Injection of autowired dependencies failed; nested exception is java.lang.IllegalArgumentException: Could not resolve placeholder 'API_KEY' in value "${API_KEY}"
Caused by: org.springframework.beans.factory.UnsatisfiedDependencyException: Error creating bean with name 'geoCodingService' defined in file [/home/varunvilva/Workspace/Kickdrum/kdu-coursework/backend/assignments/2/target/classes/com/caching/service/GeoCodingService.class]: Unsatisfied dependency expressed through constructor parameter 0; nested exception is org.springframework.beans.factory.BeanCreationException: Error creating bean with name 'geoCodingRepository': Injection of autowired dependencies failed; nested exception is java.lang.IllegalArgumentException: Could not resolve placeholder 'API_KEY' in value "${API_KEY}"
Caused by: org.springframework.beans.factory.BeanCreationException: Error creating bean with name 'geoCodingRepository': Injection of autowired dependencies failed; nested exception is java.lang.IllegalArgumentException: Could not resolve placeholder 'API_KEY' in value "${API_KEY}"
Caused by: java.lang.IllegalArgumentException: Could not resolve placeholder 'API_KEY' in value "${API_KEY}"

